<?xml version="1.0" encoding="UTF-8"?>
<!-- Generated by org.testng.reporters.JUnitReportReporter -->
<testsuite hostname="XD-KUMARAR-CNT" failures="0" tests="1" name="EPICPLTFRM__1493.Runner_StatusUpdate" time="133.161" errors="0" timestamp="2024-04-12T18:41:37 IST" skipped="0">
  <testcase classname="EPICPLTFRM__1493.Runner_StatusUpdate" name="Loaded_Status_Update" time="133.161"/>
  <system-out/>
</testsuite> <!-- EPICPLTFRM__1493.Runner_StatusUpdate -->
