<?xml version="1.0" encoding="UTF-8"?>
<!-- Generated by org.testng.reporters.JUnitReportReporter -->
<testsuite hostname="XD-KUMARAR-CNT" failures="0" tests="1" name="EPICPLTFRM__1495.Runner_RefValueUpdate" time="99.135" errors="0" timestamp="2024-04-11T19:01:34 IST" skipped="0">
  <testcase classname="EPICPLTFRM__1495.Runner_RefValueUpdate" name="RefValueUpdate_Update" time="99.135"/>
  <system-out/>
</testsuite> <!-- EPICPLTFRM__1495.Runner_RefValueUpdate -->
